<?xml version="1.0" encoding="UTF-8"?>
<!-- Generated by org.testng.reporters.JUnitReportReporter -->
<testsuite skipped="0" hostname="admin-PC" name="com.oops.listener.WebEventListener" tests="1" failures="0" timestamp="26 Sep 2018 09:05:01 GMT" time="43.411" errors="0">
  <testcase name="setUp" time="43.411" classname="com.oops.listener.WebEventListener"/>
</testsuite> <!-- com.oops.listener.WebEventListener -->
