<?xml version="1.0" encoding="UTF-8"?>
<!-- Generated by org.testng.reporters.JUnitReportReporter -->
<testsuite skipped="0" hostname="admin-PC" name="com.Webtables.DynamicWebtable" tests="1" failures="0" timestamp="28 Sep 2018 04:24:40 GMT" time="21.278" errors="0">
  <testcase name="webTable" time="21.278" classname="com.Webtables.DynamicWebtable"/>
</testsuite> <!-- com.Webtables.DynamicWebtable -->
