<?xml version="1.0" encoding="UTF-8"?>
<!-- Generated by org.testng.reporters.JUnitReportReporter -->
<testsuite skipped="0" hostname="admin-PC" name="com.testng.W3schools" tests="2" failures="0" timestamp="10 Sep 2018 08:47:11 GMT" time="77.648" errors="0">
  <testcase name="screenShot" time="40.909" classname="com.testng.W3schools"/>
  <testcase name="frame" time="36.739" classname="com.testng.W3schools"/>
</testsuite> <!-- com.testng.W3schools -->
