<?xml version="1.0" encoding="UTF-8"?>
<!-- Generated by org.testng.reporters.JUnitReportReporter -->
<testsuite skipped="0" hostname="admin-PC" name="com.oops.listener.TestngListener" tests="2" failures="0" timestamp="31 Oct 2018 11:18:10 GMT" time="81.267" errors="0">
  <testcase name="titleVerify" time="46.815" classname="com.oops.listener.TestngListener"/>
  <testcase name="launch" time="34.452" classname="com.oops.listener.TestngListener"/>
</testsuite> <!-- com.oops.listener.TestngListener -->
