<?xml version="1.0" encoding="UTF-8"?>
<!-- Generated by org.testng.reporters.JUnitReportReporter -->
<testsuite skipped="0" hostname="admin-PC" name="com.oops.listener.TestEventListener" tests="2" failures="0" timestamp="31 Oct 2018 09:30:56 GMT" time="86.495" errors="0">
  <testcase name="verifyTitle" time="29.144" classname="com.oops.listener.TestEventListener"/>
  <testcase name="eventListenerSignIn" time="57.351" classname="com.oops.listener.TestEventListener"/>
</testsuite> <!-- com.oops.listener.TestEventListener -->
