<?xml version="1.0" encoding="UTF-8"?>
<!-- Generated by org.testng.reporters.JUnitReportReporter -->
<testsuite skipped="0" hostname="admin-PC" name="com.repository.utility.TestRepository" tests="1" failures="0" timestamp="24 Sep 2018 07:31:18 GMT" time="9.538" errors="0">
  <testcase name="signIn" time="9.538" classname="com.repository.utility.TestRepository"/>
</testsuite> <!-- com.repository.utility.TestRepository -->
