<?xml version="1.0" encoding="UTF-8"?>
<!-- Generated by org.testng.reporters.JUnitReportReporter -->
<testsuite skipped="0" hostname="admin-PC" name="com.oops.listener.AbstractMain" tests="1" failures="0" timestamp="28 Sep 2018 04:06:26 GMT" time="12.840" errors="0">
  <testcase name="launch" time="12.840" classname="com.oops.listener.AbstractMain"/>
</testsuite> <!-- com.oops.listener.AbstractMain -->
