<?xml version="1.0" encoding="UTF-8"?>
<!-- Generated by org.testng.reporters.JUnitReportReporter -->
<testsuite skipped="0" hostname="admin-PC" name="com.testng.SackalertDropdown" tests="1" failures="0" timestamp="28 Aug 2018 10:23:03 GMT" time="69.445" errors="0">
  <testcase name="frame" time="69.445" classname="com.testng.SackalertDropdown"/>
</testsuite> <!-- com.testng.SackalertDropdown -->
