<?xml version="1.0" encoding="UTF-8"?>
<!-- Generated by org.testng.reporters.JUnitReportReporter -->
<testsuite skipped="2" hostname="admin-PC" name="com.testng.Sackalertsign" tests="3" failures="0" timestamp="26 Oct 2018 08:49:03 GMT" time="34.429" errors="0">
  <testcase name="membership" time="34.429" classname="com.testng.Sackalertsign"/>
  <testcase name="signIn" classname="com.testng.Sackalertsign">
    <skipped/>
  </testcase> <!-- signIn -->
  <testcase name="title" classname="com.testng.Sackalertsign">
    <skipped/>
  </testcase> <!-- title -->
</testsuite> <!-- com.testng.Sackalertsign -->
